[31Mar2025 23:01:18.361] [main/INFO] [cpw.mods.modlauncher.Launcher/MODLAUNCHER]: ModLauncher running: args [--launchTarget, forgeserver, --fml.forgeVersion, 47.3.7, --fml.mcVersion, 1.20.1, --fml.forgeGroup, net.minecraftforge, --fml.mcpVersion, 20230612.114412, nogui]
[31Mar2025 23:01:18.366] [main/INFO] [cpw.mods.modlauncher.Launcher/MODLAUNCHER]: ModLauncher 10.0.9+10.0.9+main.dcd20f30 starting: java version 17.0.14 by Ubuntu; OS Linux arch amd64 version 6.8.0-1021-azure
[31Mar2025 23:01:19.039] [main/INFO] [net.minecraftforge.fml.loading.ImmediateWindowHandler/]: ImmediateWindowProvider not loading because launch target is forgeserver
[31Mar2025 23:01:19.059] [main/INFO] [optifine.OptiFineTransformationService/]: OptiFineTransformationService.onLoad
[31Mar2025 23:01:19.060] [main/INFO] [optifine.OptiFineTransformationService/]: OptiFine ZIP file URL: union:/workspaces/Server/servidor_minecraft/mods/OptiFine_1.21.3_HD_U_J2.jar%23133!/
[31Mar2025 23:01:19.061] [main/ERROR] [optifine.OptiFineTransformationService/]: Error loading OptiFine ZIP file: union:/workspaces/Server/servidor_minecraft/mods/OptiFine_1.21.3_HD_U_J2.jar%23133!/
java.nio.file.NoSuchFileException: /workspaces/Server/servidor_minecraft/mods/OptiFine_1.21.3_HD_U_J2.jar#133
	at sun.nio.fs.UnixException.translateToIOException(UnixException.java:92) ~[?:?]
	at sun.nio.fs.UnixException.rethrowAsIOException(UnixException.java:106) ~[?:?]
	at sun.nio.fs.UnixException.rethrowAsIOException(UnixException.java:111) ~[?:?]
	at sun.nio.fs.UnixFileAttributeViews$Basic.readAttributes(UnixFileAttributeViews.java:55) ~[?:?]
	at sun.nio.fs.UnixFileSystemProvider.readAttributes(UnixFileSystemProvider.java:148) ~[?:?]
	at sun.nio.fs.LinuxFileSystemProvider.readAttributes(LinuxFileSystemProvider.java:99) ~[?:?]
	at java.nio.file.Files.readAttributes(Files.java:1851) ~[?:?]
	at java.util.zip.ZipFile$Source.get(ZipFile.java:1432) ~[?:?]
	at java.util.zip.ZipFile$CleanableResource.<init>(ZipFile.java:717) ~[?:?]
	at java.util.zip.ZipFile.<init>(ZipFile.java:251) ~[?:?]
	at java.util.zip.ZipFile.<init>(ZipFile.java:180) ~[?:?]
	at java.util.zip.ZipFile.<init>(ZipFile.java:194) ~[?:?]
	at optifine.OptiFineTransformationService.onLoad(OptiFineTransformationService.java:109) ~[?:?]
	at cpw.mods.modlauncher.TransformationServiceDecorator.onLoad(TransformationServiceDecorator.java:53) ~[modlauncher-10.0.9.jar%2355!/:?]
	at cpw.mods.modlauncher.TransformationServicesHandler.lambda$loadTransformationServices$11(TransformationServicesHandler.java:116) ~[modlauncher-10.0.9.jar%2355!/:?]
	at java.util.HashMap$Values.forEach(HashMap.java:1065) ~[?:?]
	at cpw.mods.modlauncher.TransformationServicesHandler.loadTransformationServices(TransformationServicesHandler.java:116) ~[modlauncher-10.0.9.jar%2355!/:?]
	at cpw.mods.modlauncher.TransformationServicesHandler.initializeTransformationServices(TransformationServicesHandler.java:48) ~[modlauncher-10.0.9.jar%2355!/:?]
	at cpw.mods.modlauncher.Launcher.run(Launcher.java:88) ~[modlauncher-10.0.9.jar%2355!/:?]
	at cpw.mods.modlauncher.Launcher.main(Launcher.java:78) ~[modlauncher-10.0.9.jar%2355!/:?]
	at cpw.mods.modlauncher.BootstrapLaunchConsumer.accept(BootstrapLaunchConsumer.java:26) ~[modlauncher-10.0.9.jar%2355!/:?]
	at cpw.mods.modlauncher.BootstrapLaunchConsumer.accept(BootstrapLaunchConsumer.java:23) ~[modlauncher-10.0.9.jar%2355!/:?]
	at cpw.mods.bootstraplauncher.BootstrapLauncher.main(BootstrapLauncher.java:141) ~[bootstraplauncher-1.1.2.jar:?]
[31Mar2025 23:01:19.077] [main/ERROR] [cpw.mods.modlauncher.TransformationServiceDecorator/MODLAUNCHER]: Service failed to load OptiFine
cpw.mods.modlauncher.api.IncompatibleEnvironmentException: Error loading OptiFine ZIP file: union:/workspaces/Server/servidor_minecraft/mods/OptiFine_1.21.3_HD_U_J2.jar%23133!/
	at optifine.OptiFineTransformationService.onLoad(OptiFineTransformationService.java:122) ~[?:?]
	at cpw.mods.modlauncher.TransformationServiceDecorator.onLoad(TransformationServiceDecorator.java:53) ~[modlauncher-10.0.9.jar%2355!/:?]
	at cpw.mods.modlauncher.TransformationServicesHandler.lambda$loadTransformationServices$11(TransformationServicesHandler.java:116) ~[modlauncher-10.0.9.jar%2355!/:?]
	at java.util.HashMap$Values.forEach(HashMap.java:1065) ~[?:?]
	at cpw.mods.modlauncher.TransformationServicesHandler.loadTransformationServices(TransformationServicesHandler.java:116) ~[modlauncher-10.0.9.jar%2355!/:?]
	at cpw.mods.modlauncher.TransformationServicesHandler.initializeTransformationServices(TransformationServicesHandler.java:48) ~[modlauncher-10.0.9.jar%2355!/:?]
	at cpw.mods.modlauncher.Launcher.run(Launcher.java:88) ~[modlauncher-10.0.9.jar%2355!/:?]
	at cpw.mods.modlauncher.Launcher.main(Launcher.java:78) ~[modlauncher-10.0.9.jar%2355!/:?]
	at cpw.mods.modlauncher.BootstrapLaunchConsumer.accept(BootstrapLaunchConsumer.java:26) ~[modlauncher-10.0.9.jar%2355!/:?]
	at cpw.mods.modlauncher.BootstrapLaunchConsumer.accept(BootstrapLaunchConsumer.java:23) ~[modlauncher-10.0.9.jar%2355!/:?]
	at cpw.mods.bootstraplauncher.BootstrapLauncher.main(BootstrapLauncher.java:141) ~[bootstraplauncher-1.1.2.jar:?]
[31Mar2025 23:01:19.091] [main/ERROR] [cpw.mods.modlauncher.TransformationServicesHandler/MODLAUNCHER]: Found 1 services that failed to load : [OptiFine]
